<?xml version="1.0" encoding="UTF-8"?>
<!-- Generated by org.testng.reporters.JUnitXMLReporter -->
<testsuite ignored="2" hostname="Ramesh" failures="0" tests="11" name="All Tests" time="18.078" errors="0" timestamp="2025-06-17T23:01:34 IST">
  <testcase classname="Tests.LoginTest" name="LoginWithValidDetails" time="0.893"/>
  <testcase classname="Tests.LoginTest" name="loginWithInValidDetails" time="0.343"/>
  <testcase classname="Tests.LoginTest" name="loginWithInValidDetails" time="0.441"/>
  <testcase classname="Tests.LoginTest" name="loginWithInValidDetails" time="0.468"/>
  <testcase classname="Tests.LoginTest" name="loginWithInValidDetails" time="0.485"/>
  <testcase classname="Tests.LoginTest" name="loginWithInValidDetails" time="0.318"/>
  <testcase classname="Tests.LoginTest" name="loginWithInValidDetails" time="0.31"/>
  <testcase classname="Tests.LoginTest" name="verifyAreAllLoginElementsVisible" time="0.112"/>
  <testcase classname="Tests.PatientDashboardtest" name="testAddPatientWithoutVariables" time="1.868"/>
  <testcase classname="Tests.PatientDashboardtest" name="testAddPatientWithoutVariables" time="2.873"/>
  <testcase classname="Tests.PatientDashboardtest" name="verifyareAllDashboardElementsVisible" time="0.607"/>
  <testcase classname="Base.BaseTest" name="@AfterSuite tearDownExtentReport" time="0.0">
    <ignored/>
  </testcase> <!-- @AfterSuite tearDownExtentReport -->
  <testcase classname="Base.BaseTest" name="@BeforeSuite setupExtentReport" time="0.0">
    <ignored/>
  </testcase> <!-- @BeforeSuite setupExtentReport -->
</testsuite> <!-- All Tests -->
